<?xml version="1.0" encoding="UTF-8"?>
<testng-results ignored="0" total="1" passed="1" failed="0" skipped="0">
  <reporter-output>
  </reporter-output>
  <suite started-at="2023-02-05T10:04:16 IST" name="Default suite" finished-at="2023-02-05T10:05:02 IST" duration-ms="46044">
    <groups>
    </groups>
    <test started-at="2023-02-05T10:04:16 IST" name="Default test" finished-at="2023-02-05T10:05:02 IST" duration-ms="46044">
      <class name="com.asian.testcases.Addtocart">
        <test-method is-config="true" signature="setUp()[pri:0, instance:com.asian.testcases.Addtocart@194bcebf]" started-at="2023-02-05T10:04:16 IST" name="setUp" finished-at="2023-02-05T10:04:24 IST" duration-ms="7588" status="PASS">
          <reporter-output>
          </reporter-output>
        </test-method> <!-- setUp -->
        <test-method signature="addTocart()[pri:0, instance:com.asian.testcases.Addtocart@194bcebf]" started-at="2023-02-05T10:04:24 IST" name="addTocart" finished-at="2023-02-05T10:05:01 IST" duration-ms="36584" status="PASS">
          <reporter-output>
          </reporter-output>
        </test-method> <!-- addTocart -->
        <test-method is-config="true" signature="tearDown()[pri:0, instance:com.asian.testcases.Addtocart@194bcebf]" started-at="2023-02-05T10:05:01 IST" name="tearDown" finished-at="2023-02-05T10:05:02 IST" duration-ms="1827" status="PASS">
          <reporter-output>
          </reporter-output>
        </test-method> <!-- tearDown -->
      </class> <!-- com.asian.testcases.Addtocart -->
    </test> <!-- Default test -->
  </suite> <!-- Default suite -->
</testng-results>
